2023-06-14 11:02:01,407 LOGFILE:
Starting the script!
2023-06-14 11:02:01,408 
Fetching data from: https://data.binance.vision/data/spot/daily/trades/BATUSDT/BATUSDT-trades-2023-05-14.zip
2023-06-14 11:02:03,377 
Downloaded the data from the above url!
2023-06-14 11:02:04,412 
Fetching data from: https://data.binance.vision/data/spot/daily/aggTrades/BATUSDT/BATUSDT-aggTrades-2023-05-14.zip
2023-06-14 11:02:06,229 
Downloaded the data from the above url!
2023-06-14 11:02:07,260 

Trade data basic description:
2023-06-14 11:02:07,260 Trade data types:
2023-06-14 11:02:07,262 TradeID               int64
Price               float64
Quantity            float64
QuoteQuantity       float64
TradeTime             int64
BuyerMarketMaker       bool
BestPriceMatch         bool
2023-06-14 11:02:07,273 Checked for duplicate data. No duplicates found!
2023-06-14 11:02:07,282 Total number of trades: 6236
2023-06-14 11:02:07,282 Mean Price of trades: 0.21256525016035827
2023-06-14 11:02:07,283 Mean Quantity of trades: 444.1784797947402
2023-06-14 11:02:07,283 
Min. Price of trades: 0.2085
2023-06-14 11:02:07,283 Min. Quantity of trades: 1.0
2023-06-14 11:02:07,283 
Max Price of trades: 0.2165
2023-06-14 11:02:07,283 Max Quantity of trades: 17534.0
2023-06-14 11:02:07,283 Finished checking the trade data. Looks Good!!
2023-06-14 11:02:07,283 

AggTrade data basic description:
2023-06-14 11:02:07,283 AggTradeID            int64
Price               float64
Quantity            float64
FirstTradeID          int64
LastTradeID           int64
Timestamp             int64
BuyerMarketMaker       bool
BestPriceMatch         bool
dtype: object
2023-06-14 11:02:07,286 Checked for duplicate data. No duplicates found!
2023-06-14 11:02:07,286 Total number of aggTrades: 4249
2023-06-14 11:02:07,286 Finished checking the aggTrades data. Looks Good!!
2023-06-14 11:02:07,289 

Creating results_trade.txt file.
2023-06-14 11:02:07,289 There are no missing Trade IDs!!!
2023-06-14 11:02:08,515 

Creating results_trade_bars file!
2023-06-14 11:02:08,867 
Finished writing results_trade_bars.csv file!
2023-06-14 11:02:08,867 Creating VWAP Time-History plot.
2023-06-14 11:02:09,868 

End of Script.
Execution time: 8.461634159088135 seconds
